[I 2026-06-25 12:00:53,168] Trial 7 finished with value: -0.02960030817536352 and parameters: {'n': 93, 'd': 6, 'lr': 
0.058574212247963185, 'ss': 0.9757995766256756, 'cs': 0.9579309401710595, 'al': 0.0006070155694141794, 'la': 
0.23713402899336497}. Best is trial 2 with value: -0.0027182571413963963.
[I 2026-06-25 12:00:56,139] Trial 8 finished with value: -0.0017244120069035418 and parameters: {'n': 86, 'd': 3, 
'lr': 0.021294112139758806, 'ss': 0.7301321323053057, 'cs': 0.7554709158757928, 'al': 1.481809088646707e-06, 'la': 
0.04264813784432918}. Best is trial 8 with value: -0.0017244120069035418.
[I 2026-06-25 12:00:59,545] Trial 9 finished with value: -0.0108813593227155 and parameters: {'n': 105, 'd': 4, 'lr': 
0.04243904424890484, 'ss': 0.6563696899899051, 'cs': 0.9208787923016158, 'al': 3.9482545946332394e-08, 'la': 
0.7854083114461319}. Best is trial 8 with value: -0.0017244120069035418.
[I 2026-06-25 12:02:19,829] A new study created in memory with name: no-name-012244f0-090f-4648-8cf9-4d3fc14d7cbf
[I 2026-06-25 12:02:24,995] Trial 0 finished with value: 0.003083370393673901 and parameters: {'n': 106, 'd': 6, 'lr': 
0.05517397349623406, 'ss': 0.8394633936788146, 'cs': 0.6624074561769746, 'al': 1.7699302940633311e-07, 'la': 
2.9152036385288193e-08}. Best is trial 0 with value: 0.003083370393673901.
[I 2026-06-25 12:02:30,155] Trial 1 finished with value: 0.0013868490402209055 and parameters: {'n': 141, 'd': 5, 
'lr': 0.05337429672856024, 'ss': 0.608233797718321, 'cs': 0.9879639408647978, 'al': 0.04566054873446119, 'la': 
4.997040685255803e-07}. Best is trial 0 with value: 0.003083370393673901.
[I 2026-06-25 12:02:34,376] Trial 2 finished with value: 0.001342956115190308 and parameters: {'n': 92, 'd': 3, 'lr': 
0.03049313509367066, 'ss': 0.8099025726528951, 'cs': 0.7727780074568463, 'al': 2.1371407316372935e-06, 'la': 
0.000784915956255507}. Best is trial 0 with value: 0.003083370393673901.
[I 2026-06-25 12:02:38,566] Trial 3 finished with value: 0.0021845524203661926 and parameters: {'n': 89, 'd': 4, 'lr': 
0.033235468402367824, 'ss': 0.7824279936868144, 'cs': 0.9140703845572055, 'al': 3.9572205641009174e-07, 'la': 
0.00012997969313168238}. Best is trial 0 with value: 0.003083370393673901.
[I 2026-06-25 12:02:43,085] Trial 4 finished with value: 0.004975890813007977 and parameters: {'n': 122, 'd': 3, 'lr': 
0.04643104347214182, 'ss': 0.6682096494749166, 'cs': 0.6260206371941118, 'al': 0.39001768308022033, 'la': 
0.530953226900921}. Best is trial 4 with value: 0.004975890813007977.
[I 2026-06-25 12:02:47,669] Trial 5 finished with value: 0.002966989568282785 and parameters: {'n': 137, 'd': 4, 'lr': 
0.022899946502903175, 'ss': 0.8736932106048627, 'cs': 0.7760609974958406, 'al': 9.469038421774442e-08, 'la': 
9.149877525022172e-05}. Best is trial 4 with value: 0.004975890813007977.
[I 2026-06-25 12:02:52,111] Trial 6 finished with value: 0.003368247949522285 and parameters: {'n': 82, 'd': 6, 'lr': 
0.028630640852697415, 'ss': 0.8650089137415928, 'cs': 0.7246844304357644, 'al': 0.00014472520367197597, 'la': 
0.00023641892308789696}. Best is trial 4 with value: 0.004975890813007977.
[I 2026-06-25 12:02:56,875] Trial 7 finished with value: -0.005759412045740708 and parameters: {'n': 93, 'd': 6, 'lr': 
0.058574212247963185, 'ss': 0.9757995766256756, 'cs': 0.9579309401710595, 'al': 0.0006070155694141794, 'la': 
0.23713402899336497}. Best is trial 4 with value: 0.004975890813007977.
[I 2026-06-25 12:03:00,709] Trial 8 finished with value: 0.003519360708914565 and parameters: {'n': 86, 'd': 3, 'lr': 
0.021294112139758806, 'ss': 0.7301321323053057, 'cs': 0.7554709158757928, 'al': 1.481809088646707e-06, 'la': 
0.04264813784432918}. Best is trial 4 with value: 0.004975890813007977.
[I 2026-06-25 12:03:05,068] Trial 9 finished with value: -0.000452265156525522 and parameters: {'n': 105, 'd': 4, 
'lr': 0.04243904424890484, 'ss': 0.6563696899899051, 'cs': 0.9208787923016158, 'al': 3.9482545946332394e-08, 'la': 
0.7854083114461319}. Best is trial 4 with value: 0.004975890813007977.
[I 2026-06-25 12:04:50,135] A new study created in memory with name: no-name-8ea147ca-620b-48bd-9c94-b0f3a38603f3
[I 2026-06-25 12:04:56,233] Trial 0 finished with value: 0.002889706477908094 and parameters: {'n': 106, 'd': 6, 'lr': 
0.05517397349623406, 'ss': 0.8394633936788146, 'cs': 0.6624074561769746, 'al': 1.7699302940633311e-07, 'la': 
2.9152036385288193e-08}. Best is trial 0 with value: 0.002889706477908094.
[I 2026-06-25 12:05:01,962] Trial 1 finished with value: 0.0016027578690414046 and parameters: {'n': 141, 'd': 5, 
'lr': 0.05337429672856024, 'ss': 0.608233797718321, 'cs': 0.9879639408647978, 'al': 0.04566054873446119, 'la': 
4.997040685255803e-07}. Best is trial 0 with value: 0.002889706477908094.
[I 2026-06-25 12:05:06,049] Trial 2 finished with value: 0.003858220295225978 and parameters: {'n': 92, 'd': 3, 'lr': 
0.03049313509367066, 'ss': 0.8099025726528951, 'cs': 0.7727780074568463, 'al': 2.1371407316372935e-06, 'la': 
0.000784915956255507}. Best is trial 2 with value: 0.003858220295225978.
[I 2026-06-25 12:05:10,243] Trial 3 finished with value: 0.0016098059709407364 and parameters: {'n': 89, 'd': 4, 'lr': 
0.033235468402367824, 'ss': 0.7824279936868144, 'cs': 0.9140703845572055, 'al': 3.9572205641009174e-07, 'la': 
0.00012997969313168238}. Best is trial 2 with value: 0.003858220295225978.
[I 2026-06-25 12:05:14,543] Trial 4 finished with value: 0.0034258122614875264 and parameters: {'n': 122, 'd': 3, 
'lr': 0.04643104347214182, 'ss': 0.6682096494749166, 'cs': 0.6260206371941118, 'al': 0.39001768308022033, 'la': 
0.530953226900921}. Best is trial 2 with value: 0.003858220295225978.
[I 2026-06-25 12:05:19,356] Trial 5 finished with value: 0.004635333306438283 and parameters: {'n': 137, 'd': 4, 'lr': 
0.022899946502903175, 'ss': 0.8736932106048627, 'cs': 0.7760609974958406, 'al': 9.469038421774442e-08, 'la': 
9.149877525022172e-05}. Best is trial 5 with value: 0.004635333306438283.
[I 2026-06-25 12:05:23,984] Trial 6 finished with value: 0.009813601885218737 and parameters: {'n': 82, 'd': 6, 'lr': 
0.028630640852697415, 'ss': 0.8650089137415928, 'cs': 0.7246844304357644, 'al': 0.00014472520367197597, 'la': 
0.00023641892308789696}. Best is trial 6 with value: 0.009813601885218737.
[I 2026-06-25 12:05:28,885] Trial 7 finished with value: 0.0025191949794531876 and parameters: {'n': 93, 'd': 6, 'lr': 
0.058574212247963185, 'ss': 0.9757995766256756, 'cs': 0.9579309401710595, 'al': 0.0006070155694141794, 'la': 
0.23713402899336497}. Best is trial 6 with value: 0.009813601885218737.
[I 2026-06-25 12:05:32,726] Trial 8 finished with value: 0.00462960513338051 and parameters: {'n': 86, 'd': 3, 'lr': 
0.021294112139758806, 'ss': 0.7301321323053057, 'cs': 0.7554709158757928, 'al': 1.481809088646707e-06, 'la': 
0.04264813784432918}. Best is trial 6 with value: 0.009813601885218737.
[I 2026-06-25 12:05:37,067] Trial 9 finished with value: 0.004391764628205119 and parameters: {'n': 105, 'd': 4, 'lr': 
0.04243904424890484, 'ss': 0.6563696899899051, 'cs': 0.9208787923016158, 'al': 3.9482545946332394e-08, 'la': 
0.7854083114461319}. Best is trial 6 with value: 0.009813601885218737.
