python.exe : [I 2026-06-25 11:55:03,358] A new study created in memory with name: 
no-name-eb4ff19e-f380-4007-9068-3f0835c5707b
At line:1 char:1
+ & "C:\Users\pc\AppData\Local\Python\pythoncore-3.14-64\python.exe" "C ...
+ ~~~~~~~~~~~~~~~~~~~~~~~~~~~~~~~~~~~~~~~~~~~~~~~~~~~~~~~~~~~~~~~~~~~~~
    + CategoryInfo          : NotSpecified: ([I 2026-06-25 1...68-3f0835c5707b:String) [], RemoteException
    + FullyQualifiedErrorId : NativeCommandError
 
[I 2026-06-25 11:55:04,437] Trial 0 finished with value: -0.042744602496096684 and parameters: {'n': 106, 'd': 6, 
'lr': 0.05517397349623406, 'ss': 0.8394633936788146, 'cs': 0.6624074561769746, 'al': 1.7699302940633311e-07, 'la': 
2.9152036385288193e-08}. Best is trial 0 with value: -0.042744602496096684.
[I 2026-06-25 11:55:05,144] Trial 1 finished with value: -0.05860456015796833 and parameters: {'n': 141, 'd': 5, 'lr': 
0.05337429672856024, 'ss': 0.608233797718321, 'cs': 0.9879639408647978, 'al': 0.04566054873446119, 'la': 
4.997040685255803e-07}. Best is trial 0 with value: -0.042744602496096684.
[I 2026-06-25 11:55:05,445] Trial 2 finished with value: -0.01207598409412447 and parameters: {'n': 92, 'd': 3, 'lr': 
0.03049313509367066, 'ss': 0.8099025726528951, 'cs': 0.7727780074568463, 'al': 2.1371407316372935e-06, 'la': 
0.000784915956255507}. Best is trial 2 with value: -0.01207598409412447.
[I 2026-06-25 11:55:05,835] Trial 3 finished with value: -0.026805381610947476 and parameters: {'n': 89, 'd': 4, 'lr': 
0.033235468402367824, 'ss': 0.7824279936868144, 'cs': 0.9140703845572055, 'al': 3.9572205641009174e-07, 'la': 
0.00012997969313168238}. Best is trial 2 with value: -0.01207598409412447.
[I 2026-06-25 11:55:06,231] Trial 4 finished with value: -0.05221054573299844 and parameters: {'n': 122, 'd': 3, 'lr': 
0.04643104347214182, 'ss': 0.6682096494749166, 'cs': 0.6260206371941118, 'al': 0.39001768308022033, 'la': 
0.530953226900921}. Best is trial 2 with value: -0.01207598409412447.
[I 2026-06-25 11:55:06,710] Trial 5 finished with value: -0.02633589503712419 and parameters: {'n': 137, 'd': 4, 'lr': 
0.022899946502903175, 'ss': 0.8736932106048627, 'cs': 0.7760609974958406, 'al': 9.469038421774442e-08, 'la': 
9.149877525022172e-05}. Best is trial 2 with value: -0.01207598409412447.
[I 2026-06-25 11:55:07,345] Trial 6 finished with value: -0.027924667069175957 and parameters: {'n': 82, 'd': 6, 'lr': 
0.028630640852697415, 'ss': 0.8650089137415928, 'cs': 0.7246844304357644, 'al': 0.00014472520367197597, 'la': 
0.00023641892308789696}. Best is trial 2 with value: -0.01207598409412447.
[I 2026-06-25 11:55:08,182] Trial 7 finished with value: -0.04642629945017296 and parameters: {'n': 93, 'd': 6, 'lr': 
0.058574212247963185, 'ss': 0.9757995766256756, 'cs': 0.9579309401710595, 'al': 0.0006070155694141794, 'la': 
0.23713402899336497}. Best is trial 2 with value: -0.01207598409412447.
[I 2026-06-25 11:55:08,468] Trial 8 finished with value: -0.005687879041730293 and parameters: {'n': 86, 'd': 3, 'lr': 
0.021294112139758806, 'ss': 0.7301321323053057, 'cs': 0.7554709158757928, 'al': 1.481809088646707e-06, 'la': 
0.04264813784432918}. Best is trial 8 with value: -0.005687879041730293.
[I 2026-06-25 11:55:08,869] Trial 9 finished with value: -0.0271255760812652 and parameters: {'n': 105, 'd': 4, 'lr': 
0.04243904424890484, 'ss': 0.6563696899899051, 'cs': 0.9208787923016158, 'al': 3.9482545946332394e-08, 'la': 
0.7854083114461319}. Best is trial 8 with value: -0.005687879041730293.
[I 2026-06-25 11:55:22,175] A new study created in memory with name: no-name-462799de-6fd7-410c-8b5a-4d9a6e1bf94d
[I 2026-06-25 11:55:23,754] Trial 0 finished with value: -0.031182788293627528 and parameters: {'n': 106, 'd': 6, 
'lr': 0.05517397349623406, 'ss': 0.8394633936788146, 'cs': 0.6624074561769746, 'al': 1.7699302940633311e-07, 'la': 
2.9152036385288193e-08}. Best is trial 0 with value: -0.031182788293627528.
[I 2026-06-25 11:55:25,138] Trial 1 finished with value: -0.057721966229386856 and parameters: {'n': 141, 'd': 5, 
'lr': 0.05337429672856024, 'ss': 0.608233797718321, 'cs': 0.9879639408647978, 'al': 0.04566054873446119, 'la': 
4.997040685255803e-07}. Best is trial 0 with value: -0.031182788293627528.
[I 2026-06-25 11:55:25,973] Trial 2 finished with value: -0.001957292791672227 and parameters: {'n': 92, 'd': 3, 'lr': 
0.03049313509367066, 'ss': 0.8099025726528951, 'cs': 0.7727780074568463, 'al': 2.1371407316372935e-06, 'la': 
0.000784915956255507}. Best is trial 2 with value: -0.001957292791672227.
[I 2026-06-25 11:55:26,858] Trial 3 finished with value: -0.013095882194014807 and parameters: {'n': 89, 'd': 4, 'lr': 
0.033235468402367824, 'ss': 0.7824279936868144, 'cs': 0.9140703845572055, 'al': 3.9572205641009174e-07, 'la': 
0.00012997969313168238}. Best is trial 2 with value: -0.001957292791672227.
[I 2026-06-25 11:55:27,695] Trial 4 finished with value: -0.011964512019710938 and parameters: {'n': 122, 'd': 3, 
'lr': 0.04643104347214182, 'ss': 0.6682096494749166, 'cs': 0.6260206371941118, 'al': 0.39001768308022033, 'la': 
0.530953226900921}. Best is trial 2 with value: -0.001957292791672227.
[I 2026-06-25 11:55:28,751] Trial 5 finished with value: -0.015053436235062723 and parameters: {'n': 137, 'd': 4, 
'lr': 0.022899946502903175, 'ss': 0.8736932106048627, 'cs': 0.7760609974958406, 'al': 9.469038421774442e-08, 'la': 
9.149877525022172e-05}. Best is trial 2 with value: -0.001957292791672227.
[I 2026-06-25 11:55:29,981] Trial 6 finished with value: -0.008978209603498266 and parameters: {'n': 82, 'd': 6, 'lr': 
0.028630640852697415, 'ss': 0.8650089137415928, 'cs': 0.7246844304357644, 'al': 0.00014472520367197597, 'la': 
0.00023641892308789696}. Best is trial 2 with value: -0.001957292791672227.
[I 2026-06-25 11:55:31,294] Trial 7 finished with value: -0.02137228093758603 and parameters: {'n': 93, 'd': 6, 'lr': 
0.058574212247963185, 'ss': 0.9757995766256756, 'cs': 0.9579309401710595, 'al': 0.0006070155694141794, 'la': 
0.23713402899336497}. Best is trial 2 with value: -0.001957292791672227.
[I 2026-06-25 11:55:32,068] Trial 8 finished with value: -0.0003935935047123529 and parameters: {'n': 86, 'd': 3, 
'lr': 0.021294112139758806, 'ss': 0.7301321323053057, 'cs': 0.7554709158757928, 'al': 1.481809088646707e-06, 'la': 
0.04264813784432918}. Best is trial 8 with value: -0.0003935935047123529.
[I 2026-06-25 11:55:32,960] Trial 9 finished with value: -0.013537155627511455 and parameters: {'n': 105, 'd': 4, 
'lr': 0.04243904424890484, 'ss': 0.6563696899899051, 'cs': 0.9208787923016158, 'al': 3.9482545946332394e-08, 'la': 
0.7854083114461319}. Best is trial 8 with value: -0.0003935935047123529.
[I 2026-06-25 11:55:51,582] A new study created in memory with name: no-name-a681ca82-a8d7-43f7-87b8-8d886d1937be
[I 2026-06-25 11:55:53,638] Trial 0 finished with value: -0.04075394311861147 and parameters: {'n': 106, 'd': 6, 'lr': 
0.05517397349623406, 'ss': 0.8394633936788146, 'cs': 0.6624074561769746, 'al': 1.7699302940633311e-07, 'la': 
2.9152036385288193e-08}. Best is trial 0 with value: -0.04075394311861147.
[I 2026-06-25 11:55:55,369] Trial 1 finished with value: -0.03502236419050475 and parameters: {'n': 141, 'd': 5, 'lr': 
0.05337429672856024, 'ss': 0.608233797718321, 'cs': 0.9879639408647978, 'al': 0.04566054873446119, 'la': 
4.997040685255803e-07}. Best is trial 1 with value: -0.03502236419050475.
[I 2026-06-25 11:55:56,620] Trial 2 finished with value: -0.011051252726480332 and parameters: {'n': 92, 'd': 3, 'lr': 
0.03049313509367066, 'ss': 0.8099025726528951, 'cs': 0.7727780074568463, 'al': 2.1371407316372935e-06, 'la': 
0.000784915956255507}. Best is trial 2 with value: -0.011051252726480332.
[I 2026-06-25 11:55:57,891] Trial 3 finished with value: -0.013998801108201064 and parameters: {'n': 89, 'd': 4, 'lr': 
0.033235468402367824, 'ss': 0.7824279936868144, 'cs': 0.9140703845572055, 'al': 3.9572205641009174e-07, 'la': 
0.00012997969313168238}. Best is trial 2 with value: -0.011051252726480332.
[I 2026-06-25 11:55:59,179] Trial 4 finished with value: -0.024816941354973476 and parameters: {'n': 122, 'd': 3, 
'lr': 0.04643104347214182, 'ss': 0.6682096494749166, 'cs': 0.6260206371941118, 'al': 0.39001768308022033, 'la': 
0.530953226900921}. Best is trial 2 with value: -0.011051252726480332.
[I 2026-06-25 11:56:00,719] Trial 5 finished with value: -0.016782318663192797 and parameters: {'n': 137, 'd': 4, 
'lr': 0.022899946502903175, 'ss': 0.8736932106048627, 'cs': 0.7760609974958406, 'al': 9.469038421774442e-08, 'la': 
9.149877525022172e-05}. Best is trial 2 with value: -0.011051252726480332.
[I 2026-06-25 11:56:02,283] Trial 6 finished with value: -0.015228152578366627 and parameters: {'n': 82, 'd': 6, 'lr': 
0.028630640852697415, 'ss': 0.8650089137415928, 'cs': 0.7246844304357644, 'al': 0.00014472520367197597, 'la': 
0.00023641892308789696}. Best is trial 2 with value: -0.011051252726480332.
[I 2026-06-25 11:56:04,006] Trial 7 finished with value: -0.03261777591001502 and parameters: {'n': 93, 'd': 6, 'lr': 
0.058574212247963185, 'ss': 0.9757995766256756, 'cs': 0.9579309401710595, 'al': 0.0006070155694141794, 'la': 
0.23713402899336497}. Best is trial 2 with value: -0.011051252726480332.
[I 2026-06-25 11:56:05,193] Trial 8 finished with value: -0.0013552487270735991 and parameters: {'n': 86, 'd': 3, 
'lr': 0.021294112139758806, 'ss': 0.7301321323053057, 'cs': 0.7554709158757928, 'al': 1.481809088646707e-06, 'la': 
0.04264813784432918}. Best is trial 8 with value: -0.0013552487270735991.
[I 2026-06-25 11:56:06,629] Trial 9 finished with value: -0.013808985630533677 and parameters: {'n': 105, 'd': 4, 
'lr': 0.04243904424890484, 'ss': 0.6563696899899051, 'cs': 0.9208787923016158, 'al': 3.9482545946332394e-08, 'la': 
0.7854083114461319}. Best is trial 8 with value: -0.0013552487270735991.
[I 2026-06-25 11:56:34,101] A new study created in memory with name: no-name-d57e35e5-ff76-442f-ada3-44786bb233ee
[I 2026-06-25 11:56:36,725] Trial 0 finished with value: -0.027515584170072938 and parameters: {'n': 106, 'd': 6, 
'lr': 0.05517397349623406, 'ss': 0.8394633936788146, 'cs': 0.6624074561769746, 'al': 1.7699302940633311e-07, 'la': 
2.9152036385288193e-08}. Best is trial 0 with value: -0.027515584170072938.
[I 2026-06-25 11:56:39,256] Trial 1 finished with value: -0.019513482162380802 and parameters: {'n': 141, 'd': 5, 
'lr': 0.05337429672856024, 'ss': 0.608233797718321, 'cs': 0.9879639408647978, 'al': 0.04566054873446119, 'la': 
4.997040685255803e-07}. Best is trial 1 with value: -0.019513482162380802.
[I 2026-06-25 11:56:41,062] Trial 2 finished with value: -0.0025318719715583526 and parameters: {'n': 92, 'd': 3, 
'lr': 0.03049313509367066, 'ss': 0.8099025726528951, 'cs': 0.7727780074568463, 'al': 2.1371407316372935e-06, 'la': 
0.000784915956255507}. Best is trial 2 with value: -0.0025318719715583526.
[I 2026-06-25 11:56:43,000] Trial 3 finished with value: 0.00023429936201746493 and parameters: {'n': 89, 'd': 4, 
'lr': 0.033235468402367824, 'ss': 0.7824279936868144, 'cs': 0.9140703845572055, 'al': 3.9572205641009174e-07, 'la': 
0.00012997969313168238}. Best is trial 3 with value: 0.00023429936201746493.
[I 2026-06-25 11:56:44,922] Trial 4 finished with value: -0.006573526518749873 and parameters: {'n': 122, 'd': 3, 
'lr': 0.04643104347214182, 'ss': 0.6682096494749166, 'cs': 0.6260206371941118, 'al': 0.39001768308022033, 'la': 
0.530953226900921}. Best is trial 3 with value: 0.00023429936201746493.
[I 2026-06-25 11:56:47,048] Trial 5 finished with value: -0.0028080803023202705 and parameters: {'n': 137, 'd': 4, 
'lr': 0.022899946502903175, 'ss': 0.8736932106048627, 'cs': 0.7760609974958406, 'al': 9.469038421774442e-08, 'la': 
9.149877525022172e-05}. Best is trial 3 with value: 0.00023429936201746493.
[I 2026-06-25 11:56:49,191] Trial 6 finished with value: -0.001203836245714296 and parameters: {'n': 82, 'd': 6, 'lr': 
0.028630640852697415, 'ss': 0.8650089137415928, 'cs': 0.7246844304357644, 'al': 0.00014472520367197597, 'la': 
0.00023641892308789696}. Best is trial 3 with value: 0.00023429936201746493.
[I 2026-06-25 11:56:51,515] Trial 7 finished with value: -0.006911629899870153 and parameters: {'n': 93, 'd': 6, 'lr': 
0.058574212247963185, 'ss': 0.9757995766256756, 'cs': 0.9579309401710595, 'al': 0.0006070155694141794, 'la': 
0.23713402899336497}. Best is trial 3 with value: 0.00023429936201746493.
[I 2026-06-25 11:56:53,247] Trial 8 finished with value: -0.0023617508988085234 and parameters: {'n': 86, 'd': 3, 
'lr': 0.021294112139758806, 'ss': 0.7301321323053057, 'cs': 0.7554709158757928, 'al': 1.481809088646707e-06, 'la': 
0.04264813784432918}. Best is trial 3 with value: 0.00023429936201746493.
[I 2026-06-25 11:56:55,194] Trial 9 finished with value: -0.010730049147847032 and parameters: {'n': 105, 'd': 4, 
'lr': 0.04243904424890484, 'ss': 0.6563696899899051, 'cs': 0.9208787923016158, 'al': 3.9482545946332394e-08, 'la': 
0.7854083114461319}. Best is trial 3 with value: 0.00023429936201746493.
[I 2026-06-25 11:57:36,027] A new study created in memory with name: no-name-d5633fd6-fc4a-49da-bd3e-a647f8ff22f4
[I 2026-06-25 11:57:39,104] Trial 0 finished with value: 0.0002751168455134012 and parameters: {'n': 106, 'd': 6, 
'lr': 0.05517397349623406, 'ss': 0.8394633936788146, 'cs': 0.6624074561769746, 'al': 1.7699302940633311e-07, 'la': 
2.9152036385288193e-08}. Best is trial 0 with value: 0.0002751168455134012.
[I 2026-06-25 11:57:42,048] Trial 1 finished with value: -0.01141113253867898 and parameters: {'n': 141, 'd': 5, 'lr': 
0.05337429672856024, 'ss': 0.608233797718321, 'cs': 0.9879639408647978, 'al': 0.04566054873446119, 'la': 
4.997040685255803e-07}. Best is trial 0 with value: 0.0002751168455134012.
[I 2026-06-25 11:57:44,262] Trial 2 finished with value: 0.002368626355144232 and parameters: {'n': 92, 'd': 3, 'lr': 
0.03049313509367066, 'ss': 0.8099025726528951, 'cs': 0.7727780074568463, 'al': 2.1371407316372935e-06, 'la': 
0.000784915956255507}. Best is trial 2 with value: 0.002368626355144232.
[I 2026-06-25 11:57:46,600] Trial 3 finished with value: -0.02336809726054012 and parameters: {'n': 89, 'd': 4, 'lr': 
0.033235468402367824, 'ss': 0.7824279936868144, 'cs': 0.9140703845572055, 'al': 3.9572205641009174e-07, 'la': 
0.00012997969313168238}. Best is trial 2 with value: 0.002368626355144232.
[I 2026-06-25 11:57:49,171] Trial 4 finished with value: -0.008251674104932105 and parameters: {'n': 122, 'd': 3, 
'lr': 0.04643104347214182, 'ss': 0.6682096494749166, 'cs': 0.6260206371941118, 'al': 0.39001768308022033, 'la': 
0.530953226900921}. Best is trial 2 with value: 0.002368626355144232.
[I 2026-06-25 11:57:51,877] Trial 5 finished with value: -0.007419970433364398 and parameters: {'n': 137, 'd': 4, 
'lr': 0.022899946502903175, 'ss': 0.8736932106048627, 'cs': 0.7760609974958406, 'al': 9.469038421774442e-08, 'la': 
9.149877525022172e-05}. Best is trial 2 with value: 0.002368626355144232.
[I 2026-06-25 11:57:54,566] Trial 6 finished with value: 0.005798131318031974 and parameters: {'n': 82, 'd': 6, 'lr': 
0.028630640852697415, 'ss': 0.8650089137415928, 'cs': 0.7246844304357644, 'al': 0.00014472520367197597, 'la': 
0.00023641892308789696}. Best is trial 6 with value: 0.005798131318031974.
[I 2026-06-25 11:57:57,613] Trial 7 finished with value: -0.018372321617830423 and parameters: {'n': 93, 'd': 6, 'lr': 
0.058574212247963185, 'ss': 0.9757995766256756, 'cs': 0.9579309401710595, 'al': 0.0006070155694141794, 'la': 
0.23713402899336497}. Best is trial 6 with value: 0.005798131318031974.
[I 2026-06-25 11:57:59,889] Trial 8 finished with value: 0.004543841603871668 and parameters: {'n': 86, 'd': 3, 'lr': 
0.021294112139758806, 'ss': 0.7301321323053057, 'cs': 0.7554709158757928, 'al': 1.481809088646707e-06, 'la': 
0.04264813784432918}. Best is trial 6 with value: 0.005798131318031974.
[I 2026-06-25 11:58:02,364] Trial 9 finished with value: -0.005756289337630838 and parameters: {'n': 105, 'd': 4, 
'lr': 0.04243904424890484, 'ss': 0.6563696899899051, 'cs': 0.9208787923016158, 'al': 3.9482545946332394e-08, 'la': 
0.7854083114461319}. Best is trial 6 with value: 0.005798131318031974.
[I 2026-06-25 11:58:50,817] A new study created in memory with name: no-name-b5f8d3cc-ead8-416a-b5d3-755f3a21618b
[I 2026-06-25 11:58:54,549] Trial 0 finished with value: -0.019212317081030772 and parameters: {'n': 106, 'd': 6, 
'lr': 0.05517397349623406, 'ss': 0.8394633936788146, 'cs': 0.6624074561769746, 'al': 1.7699302940633311e-07, 'la': 
2.9152036385288193e-08}. Best is trial 0 with value: -0.019212317081030772.
[I 2026-06-25 11:58:58,167] Trial 1 finished with value: -0.03659148909748655 and parameters: {'n': 141, 'd': 5, 'lr': 
0.05337429672856024, 'ss': 0.608233797718321, 'cs': 0.9879639408647978, 'al': 0.04566054873446119, 'la': 
4.997040685255803e-07}. Best is trial 0 with value: -0.019212317081030772.
[I 2026-06-25 11:59:01,056] Trial 2 finished with value: 0.00364637930239442 and parameters: {'n': 92, 'd': 3, 'lr': 
0.03049313509367066, 'ss': 0.8099025726528951, 'cs': 0.7727780074568463, 'al': 2.1371407316372935e-06, 'la': 
0.000784915956255507}. Best is trial 2 with value: 0.00364637930239442.
[I 2026-06-25 11:59:03,809] Trial 3 finished with value: 0.0037879961449954758 and parameters: {'n': 89, 'd': 4, 'lr': 
0.033235468402367824, 'ss': 0.7824279936868144, 'cs': 0.9140703845572055, 'al': 3.9572205641009174e-07, 'la': 
0.00012997969313168238}. Best is trial 3 with value: 0.0037879961449954758.
[I 2026-06-25 11:59:06,601] Trial 4 finished with value: -0.01054833434549507 and parameters: {'n': 122, 'd': 3, 'lr': 
0.04643104347214182, 'ss': 0.6682096494749166, 'cs': 0.6260206371941118, 'al': 0.39001768308022033, 'la': 
0.530953226900921}. Best is trial 3 with value: 0.0037879961449954758.
[I 2026-06-25 11:59:09,795] Trial 5 finished with value: -0.0014559849111361878 and parameters: {'n': 137, 'd': 4, 
'lr': 0.022899946502903175, 'ss': 0.8736932106048627, 'cs': 0.7760609974958406, 'al': 9.469038421774442e-08, 'la': 
9.149877525022172e-05}. Best is trial 3 with value: 0.0037879961449954758.
[I 2026-06-25 11:59:12,805] Trial 6 finished with value: -0.010191830469571173 and parameters: {'n': 82, 'd': 6, 'lr': 
0.028630640852697415, 'ss': 0.8650089137415928, 'cs': 0.7246844304357644, 'al': 0.00014472520367197597, 'la': 
0.00023641892308789696}. Best is trial 3 with value: 0.0037879961449954758.
[I 2026-06-25 11:59:16,147] Trial 7 finished with value: -0.03625049842288064 and parameters: {'n': 93, 'd': 6, 'lr': 
0.058574212247963185, 'ss': 0.9757995766256756, 'cs': 0.9579309401710595, 'al': 0.0006070155694141794, 'la': 
0.23713402899336497}. Best is trial 3 with value: 0.0037879961449954758.
[I 2026-06-25 11:59:18,735] Trial 8 finished with value: 0.007352572104907362 and parameters: {'n': 86, 'd': 3, 'lr': 
0.021294112139758806, 'ss': 0.7301321323053057, 'cs': 0.7554709158757928, 'al': 1.481809088646707e-06, 'la': 
0.04264813784432918}. Best is trial 8 with value: 0.007352572104907362.
[I 2026-06-25 11:59:21,695] Trial 9 finished with value: -0.00402306462010249 and parameters: {'n': 105, 'd': 4, 'lr': 
0.04243904424890484, 'ss': 0.6563696899899051, 'cs': 0.9208787923016158, 'al': 3.9482545946332394e-08, 'la': 
0.7854083114461319}. Best is trial 8 with value: 0.007352572104907362.
[I 2026-06-25 12:00:22,251] A new study created in memory with name: no-name-4b53c79b-d729-4571-9675-ef970cee216e
[I 2026-06-25 12:00:27,078] Trial 0 finished with value: -0.021383713968073037 and parameters: {'n': 106, 'd': 6, 
'lr': 0.05517397349623406, 'ss': 0.8394633936788146, 'cs': 0.6624074561769746, 'al': 1.7699302940633311e-07, 'la': 
2.9152036385288193e-08}. Best is trial 0 with value: -0.021383713968073037.
[I 2026-06-25 12:00:31,966] Trial 1 finished with value: -0.020420043163497548 and parameters: {'n': 141, 'd': 5, 
'lr': 0.05337429672856024, 'ss': 0.608233797718321, 'cs': 0.9879639408647978, 'al': 0.04566054873446119, 'la': 
4.997040685255803e-07}. Best is trial 1 with value: -0.020420043163497548.
[I 2026-06-25 12:00:35,434] Trial 2 finished with value: -0.0027182571413963963 and parameters: {'n': 92, 'd': 3, 
'lr': 0.03049313509367066, 'ss': 0.8099025726528951, 'cs': 0.7727780074568463, 'al': 2.1371407316372935e-06, 'la': 
0.000784915956255507}. Best is trial 2 with value: -0.0027182571413963963.
[I 2026-06-25 12:00:38,771] Trial 3 finished with value: -0.0060397125372222416 and parameters: {'n': 89, 'd': 4, 
'lr': 0.033235468402367824, 'ss': 0.7824279936868144, 'cs': 0.9140703845572055, 'al': 3.9572205641009174e-07, 'la': 
0.00012997969313168238}. Best is trial 2 with value: -0.0027182571413963963.
[I 2026-06-25 12:00:42,122] Trial 4 finished with value: -0.010120399994484552 and parameters: {'n': 122, 'd': 3, 
'lr': 0.04643104347214182, 'ss': 0.6682096494749166, 'cs': 0.6260206371941118, 'al': 0.39001768308022033, 'la': 
0.530953226900921}. Best is trial 2 with value: -0.0027182571413963963.
[I 2026-06-25 12:00:45,749] Trial 5 finished with value: -0.005234504193689871 and parameters: {'n': 137, 'd': 4, 
'lr': 0.022899946502903175, 'ss': 0.8736932106048627, 'cs': 0.7760609974958406, 'al': 9.469038421774442e-08, 'la': 
9.149877525022172e-05}. Best is trial 2 with value: -0.0027182571413963963.
[I 2026-06-25 12:00:49,330] Trial 6 finished with value: -0.005025235720070409 and parameters: {'n': 82, 'd': 6, 'lr': 
0.028630640852697415, 'ss': 0.8650089137415928, 'cs': 0.7246844304357644, 'al': 0.00014472520367197597, 'la': 
0.00023641892308789696}. Best is trial 2 with value: -0.0027182571413963963.
